# JRE version: OpenJDK Runtime Environment (8.0_312-b07) (build 1.8.0_312-b07)
# Java VM: OpenJDK 64-Bit Server VM (25.312-b07 mixed mode windows-amd64 compressed oops)
Heap:
 PSYoungGen      total 364032K, used 325900K [0x00000000d6300000, 0x00000000efa00000, 0x0000000100000000)
  eden space 327680K, 92% used [0x00000000d6300000,0x00000000e89a18e0,0x00000000ea300000)
  from space 36352K, 66% used [0x00000000ed680000,0x00000000eee219e0,0x00000000efa00000)
  to   space 44544K, 0% used [0x00000000ea300000,0x00000000ea300000,0x00000000ece80000)
 ParOldGen       total 190976K, used 116442K [0x0000000082800000, 0x000000008e280000, 0x00000000d6300000)
  object space 190976K, 60% used [0x0000000082800000,0x00000000899b6a20,0x000000008e280000)
 Metaspace       used 80612K, capacity 82082K, committed 82432K, reserved 1122304K
  class space    used 8987K, capacity 9363K, committed 9472K, reserved 1048576K
GC Heap History (10 events):
Event: 9.081 GC heap before
{Heap before GC invocations=11 (full 2):
 PSYoungGen      total 224256K, used 54350K [0x00000000d6300000, 0x00000000e8480000, 0x0000000100000000)
  eden space 185344K, 8% used [0x00000000d6300000,0x00000000d721b288,0x00000000e1800000)
  from space 38912K, 99% used [0x00000000e4880000,0x00000000e6e786d0,0x00000000e6e80000)
  to   space 49664K, 0% used [0x00000000e1800000,0x00000000e1800000,0x00000000e4880000)
 ParOldGen       total 121344K, used 63757K [0x0000000082800000, 0x0000000089e80000, 0x00000000d6300000)
  object space 121344K, 52% used [0x0000000082800000,0x00000000866434d8,0x0000000089e80000)
 Metaspace       used 57616K, capacity 58842K, committed 59008K, reserved 1101824K
  class space    used 6843K, capacity 7169K, committed 7296K, reserved 1048576K
Event: 9.136 GC heap after
Heap after GC invocations=11 (full 2):
 PSYoungGen      total 235008K, used 30995K [0x00000000d6300000, 0x00000000ec180000, 0x0000000100000000)
  eden space 185344K, 0% used [0x00000000d6300000,0x00000000d6300000,0x00000000e1800000)
  from space 49664K, 62% used [0x00000000e1800000,0x00000000e3644f98,0x00000000e4880000)
  to   space 50176K, 0% used [0x00000000e9080000,0x00000000e9080000,0x00000000ec180000)
 ParOldGen       total 121344K, used 75056K [0x0000000082800000, 0x0000000089e80000, 0x00000000d6300000)
  object space 121344K, 61% used [0x0000000082800000,0x000000008714c198,0x0000000089e80000)
 Metaspace       used 57616K, capacity 58842K, committed 59008K, reserved 1101824K
  class space    used 6843K, capacity 7169K, committed 7296K, reserved 1048576K
}
Event: 9.136 GC heap before
{Heap before GC invocations=12 (full 3):
 PSYoungGen      total 235008K, used 30995K [0x00000000d6300000, 0x00000000ec180000, 0x0000000100000000)
  eden space 185344K, 0% used [0x00000000d6300000,0x00000000d6300000,0x00000000e1800000)
  from space 49664K, 62% used [0x00000000e1800000,0x00000000e3644f98,0x00000000e4880000)
  to   space 50176K, 0% used [0x00000000e9080000,0x00000000e9080000,0x00000000ec180000)
 ParOldGen       total 121344K, used 75056K [0x0000000082800000, 0x0000000089e80000, 0x00000000d6300000)
  object space 121344K, 61% used [0x0000000082800000,0x000000008714c198,0x0000000089e80000)
 Metaspace       used 57616K, capacity 58842K, committed 59008K, reserved 1101824K
  class space    used 6843K, capacity 7169K, committed 7296K, reserved 1048576K
Event: 9.362 GC heap after
Heap after GC invocations=12 (full 3):
 PSYoungGen      total 235008K, used 0K [0x00000000d6300000, 0x00000000ec180000, 0x0000000100000000)
  eden space 185344K, 0% used [0x00000000d6300000,0x00000000d6300000,0x00000000e1800000)
  from space 49664K, 0% used [0x00000000e1800000,0x00000000e1800000,0x00000000e4880000)
  to   space 50176K, 0% used [0x00000000e9080000,0x00000000e9080000,0x00000000ec180000)
 ParOldGen       total 190976K, used 78199K [0x0000000082800000, 0x000000008e280000, 0x00000000d6300000)
  object space 190976K, 40% used [0x0000000082800000,0x000000008745dc70,0x000000008e280000)
 Metaspace       used 57616K, capacity 58842K, committed 59008K, reserved 1101824K
  class space    used 6843K, capacity 7169K, committed 7296K, reserved 1048576K
}
Event: 24.280 GC heap before
{Heap before GC invocations=13 (full 3):
 PSYoungGen      total 235008K, used 185344K [0x00000000d6300000, 0x00000000ec180000, 0x0000000100000000)
  eden space 185344K, 100% used [0x00000000d6300000,0x00000000e1800000,0x00000000e1800000)
  from space 49664K, 0% used [0x00000000e1800000,0x00000000e1800000,0x00000000e4880000)
  to   space 50176K, 0% used [0x00000000e9080000,0x00000000e9080000,0x00000000ec180000)
 ParOldGen       total 190976K, used 78199K [0x0000000082800000, 0x000000008e280000, 0x00000000d6300000)
  object space 190976K, 40% used [0x0000000082800000,0x000000008745dc70,0x000000008e280000)
 Metaspace       used 61148K, capacity 62526K, committed 62720K, reserved 1103872K
  class space    used 7222K, capacity 7559K, committed 7680K, reserved 1048576K
Event: 24.311 GC heap after
Heap after GC invocations=13 (full 3):
 PSYoungGen      total 287232K, used 26154K [0x00000000d6300000, 0x00000000eb580000, 0x0000000100000000)
  eden space 249344K, 0% used [0x00000000d6300000,0x00000000d6300000,0x00000000e5680000)
  from space 37888K, 69% used [0x00000000e9080000,0x00000000eaa0a8c0,0x00000000eb580000)
  to   space 48640K, 0% used [0x00000000e5680000,0x00000000e5680000,0x00000000e8600000)
 ParOldGen       total 190976K, used 78207K [0x0000000082800000, 0x000000008e280000, 0x00000000d6300000)
  object space 190976K, 40% used [0x0000000082800000,0x000000008745fc70,0x000000008e280000)
 Metaspace       used 61148K, capacity 62526K, committed 62720K, reserved 1103872K
  class space    used 7222K, capacity 7559K, committed 7680K, reserved 1048576K
}
Event: 29.618 GC heap before
{Heap before GC invocations=14 (full 3):
 PSYoungGen      total 287232K, used 275498K [0x00000000d6300000, 0x00000000eb580000, 0x0000000100000000)
  eden space 249344K, 100% used [0x00000000d6300000,0x00000000e5680000,0x00000000e5680000)
  from space 37888K, 69% used [0x00000000e9080000,0x00000000eaa0a8c0,0x00000000eb580000)
  to   space 48640K, 0% used [0x00000000e5680000,0x00000000e5680000,0x00000000e8600000)
 ParOldGen       total 190976K, used 78207K [0x0000000082800000, 0x000000008e280000, 0x00000000d6300000)
  object space 190976K, 40% used [0x0000000082800000,0x000000008745fc70,0x000000008e280000)
 Metaspace       used 68885K, capacity 70354K, committed 70528K, reserved 1112064K
  class space    used 7929K, capacity 8295K, committed 8320K, reserved 1048576K
Event: 29.796 GC heap after
Heap after GC invocations=14 (full 3):
 PSYoungGen      total 297984K, used 25139K [0x00000000d6300000, 0x00000000f0400000, 0x0000000100000000)
  eden space 249344K, 0% used [0x00000000d6300000,0x00000000d6300000,0x00000000e5680000)
  from space 48640K, 51% used [0x00000000e5680000,0x00000000e6f0cdb8,0x00000000e8600000)
  to   space 46592K, 0% used [0x00000000ed680000,0x00000000ed680000,0x00000000f0400000)
 ParOldGen       total 190976K, used 99043K [0x0000000082800000, 0x000000008e280000, 0x00000000d6300000)
  object space 190976K, 51% used [0x0000000082800000,0x00000000888b8cf0,0x000000008e280000)
 Metaspace       used 68885K, capacity 70354K, committed 70528K, reserved 1112064K
  class space    used 7929K, capacity 8295K, committed 8320K, reserved 1048576K
}
Event: 32.396 GC heap before
{Heap before GC invocations=15 (full 3):
 PSYoungGen      total 297984K, used 274483K [0x00000000d6300000, 0x00000000f0400000, 0x0000000100000000)
  eden space 249344K, 100% used [0x00000000d6300000,0x00000000e5680000,0x00000000e5680000)
  from space 48640K, 51% used [0x00000000e5680000,0x00000000e6f0cdb8,0x00000000e8600000)
  to   space 46592K, 0% used [0x00000000ed680000,0x00000000ed680000,0x00000000f0400000)
 ParOldGen       total 190976K, used 99043K [0x0000000082800000, 0x000000008e280000, 0x00000000d6300000)
  object space 190976K, 51% used [0x0000000082800000,0x00000000888b8cf0,0x000000008e280000)
 Metaspace       used 75453K, capacity 76926K, committed 77184K, reserved 1118208K
  class space    used 8619K, capacity 8971K, committed 9088K, reserved 1048576K
Event: 32.435 GC heap after
Heap after GC invocations=15 (full 3):
 PSYoungGen      total 364032K, used 24198K [0x00000000d6300000, 0x00000000efa00000, 0x0000000100000000)
  eden space 327680K, 0% used [0x00000000d6300000,0x00000000d6300000,0x00000000ea300000)
  from space 36352K, 66% used [0x00000000ed680000,0x00000000eee219e0,0x00000000efa00000)
  to   space 44544K, 0% used [0x00000000ea300000,0x00000000ea300000,0x00000000ece80000)
 ParOldGen       total 190976K, used 116442K [0x0000000082800000, 0x000000008e280000, 0x00000000d6300000)
  object space 190976K, 60% used [0x0000000082800000,0x00000000899b6a20,0x000000008e280000)
 Metaspace       used 75453K, capacity 76926K, committed 77184K, reserved 1118208K
  class space    used 8619K, capacity 8971K, committed 9088K, reserved 1048576K
}

